e:\liuqian\lightfieldtool_cpu\lightfieldtool_cpu\x64\release\vc140.pdb
e:\liuqian\lightfieldtool_cpu\lightfieldtool_cpu\x64\release\ctmf.obj
e:\liuqian\lightfieldtool_cpu\lightfieldtool_cpu\x64\release\graph.obj
e:\liuqian\lightfieldtool_cpu\lightfieldtool_cpu\x64\release\gcoptimization.obj
e:\liuqian\lightfieldtool_cpu\lightfieldtool_cpu\x64\release\disparityrefinement.obj
e:\liuqian\lightfieldtool_cpu\lightfieldtool_cpu\x64\release\depthcomputetooltwo.obj
e:\liuqian\lightfieldtool_cpu\lightfieldtool_cpu\x64\release\depthcomputetoolone.obj
e:\liuqian\lightfieldtool_cpu\lightfieldtool_cpu\x64\release\dataparameter.obj
e:\liuqian\lightfieldtool_cpu\lightfieldtool_cpu\x64\release\datadeal.obj
e:\liuqian\lightfieldtool_cpu\lightfieldtool_cpu\x64\release\costvolfilter.obj
e:\liuqian\lightfieldtool_cpu\lightfieldtool_cpu\x64\release\costvolcompute.obj
e:\liuqian\lightfieldtool_cpu\lightfieldtool_cpu\x64\release\confidencecompute.obj
e:\liuqian\lightfieldtool_cpu\lightfieldtool_cpu\x64\release\toolkit.obj
e:\liuqian\lightfieldtool_cpu\lightfieldtool_cpu\x64\release\stereohelper.obj
e:\liuqian\lightfieldtool_cpu\lightfieldtool_cpu\x64\release\stereodisparity.obj
e:\liuqian\lightfieldtool_cpu\lightfieldtool_cpu\x64\release\stca.obj
e:\liuqian\lightfieldtool_cpu\lightfieldtool_cpu\x64\release\segmenttree.obj
e:\liuqian\lightfieldtool_cpu\lightfieldtool_cpu\x64\release\qx_tree_filter.obj
e:\liuqian\lightfieldtool_cpu\lightfieldtool_cpu\x64\release\qx_nonlocal_cost_aggregation.obj
e:\liuqian\lightfieldtool_cpu\lightfieldtool_cpu\x64\release\qx_mst_kruskals_image.obj
e:\liuqian\lightfieldtool_cpu\lightfieldtool_cpu\x64\release\qx_basic.obj
e:\liuqian\lightfieldtool_cpu\lightfieldtool_cpu\x64\release\nlcca.obj
e:\liuqian\lightfieldtool_cpu\lightfieldtool_cpu\x64\release\virtualdepthcompute.obj
e:\liuqian\lightfieldtool_cpu\lightfieldtool_cpu\x64\release\tooltwotestdemo.obj
e:\liuqian\lightfieldtool_cpu\lightfieldtool_cpu\x64\release\toolonetestdemo.obj
e:\liuqian\lightfieldtool_cpu\lightfieldtool_cpu\x64\release\scenedepthcompute.obj
e:\liuqian\lightfieldtool_cpu\lightfieldtool_cpu\x64\release\main.obj
e:\liuqian\lightfieldtool_cpu\lightfieldtool_cpu\x64\release\imagerander.obj
e:\liuqian\lightfieldtool_cpu\lightfieldtool_cpu\x64\release\globaloptimization.obj
e:\liuqian\lightfieldtool_cpu\lightfieldtool_cpu\x64\release\maxflow.obj
e:\liuqian\lightfieldtool_cpu\lightfieldtool_cpu\x64\release\linkedblocklist.obj
c:\work\lightfieldtool_cpu\lightfieldtool_cpu\x64\release\vc140.pdb
c:\work\lightfieldtool_cpu\lightfieldtool_cpu\x64\release\ctmf.obj
c:\work\lightfieldtool_cpu\lightfieldtool_cpu\x64\release\graph.obj
c:\work\lightfieldtool_cpu\lightfieldtool_cpu\x64\release\gcoptimization.obj
c:\work\lightfieldtool_cpu\lightfieldtool_cpu\x64\release\qx_tree_filter.obj
c:\work\lightfieldtool_cpu\lightfieldtool_cpu\x64\release\qx_mst_kruskals_image.obj
c:\work\lightfieldtool_cpu\lightfieldtool_cpu\x64\release\qx_basic.obj
c:\work\lightfieldtool_cpu\lightfieldtool_cpu\x64\release\main.obj
c:\work\lightfieldtool_cpu\lightfieldtool_cpu\x64\release\maxflow.obj
c:\work\lightfieldtool_cpu\lightfieldtool_cpu\x64\release\linkedblocklist.obj
c:\work\lightfieldtool_cpu\lightfieldtool_cpu\x64\release\qx_nonlocal_cost_aggregation.obj
c:\work\lightfieldtool_cpu\lightfieldtool_cpu\x64\release\segmenttree.obj
c:\work\lightfieldtool_cpu\lightfieldtool_cpu\x64\release\globaloptimization.obj
c:\work\lightfieldtool_cpu\lightfieldtool_cpu\x64\release\scenedepthcompute.obj
e:\liuqian\lightfieldtool_cpu\x64\release\lightfieldtool_cpu.exe
e:\liuqian\lightfieldtool_cpu\x64\release\lightfieldtool_cpu.ipdb
e:\liuqian\lightfieldtool_cpu\x64\release\lightfieldtool_cpu.iobj
e:\liuqian\lightfieldtool_cpu\lightfieldtool_cpu\x64\release\lightfieldtool_cpu.exe.intermediate.manifest
e:\liuqian\lightfieldtool_cpu\x64\release\lightfieldtool_cpu.pdb
e:\liuqian\lightfieldtool_cpu\x64\release\lightfieldtool_cpu.exe.manifest
c:\work\lightfieldtool_cpu\lightfieldtool_cpu\x64\release\confidencecompute.obj
c:\work\lightfieldtool_cpu\lightfieldtool_cpu\x64\release\costvolcompute.obj
c:\work\lightfieldtool_cpu\lightfieldtool_cpu\x64\release\costvolfilter.obj
c:\work\lightfieldtool_cpu\lightfieldtool_cpu\x64\release\datadeal.obj
c:\work\lightfieldtool_cpu\lightfieldtool_cpu\x64\release\dataparameter.obj
c:\work\lightfieldtool_cpu\lightfieldtool_cpu\x64\release\depthcomputetoolone.obj
c:\work\lightfieldtool_cpu\lightfieldtool_cpu\x64\release\depthcomputetooltwo.obj
c:\work\lightfieldtool_cpu\lightfieldtool_cpu\x64\release\disparityrefinement.obj
c:\work\lightfieldtool_cpu\lightfieldtool_cpu\x64\release\imagerander.obj
c:\work\lightfieldtool_cpu\lightfieldtool_cpu\x64\release\nlcca.obj
c:\work\lightfieldtool_cpu\lightfieldtool_cpu\x64\release\stca.obj
c:\work\lightfieldtool_cpu\lightfieldtool_cpu\x64\release\stereodisparity.obj
c:\work\lightfieldtool_cpu\lightfieldtool_cpu\x64\release\stereohelper.obj
c:\work\lightfieldtool_cpu\lightfieldtool_cpu\x64\release\toolkit.obj
c:\work\lightfieldtool_cpu\lightfieldtool_cpu\x64\release\toolonetestdemo.obj
c:\work\lightfieldtool_cpu\lightfieldtool_cpu\x64\release\tooltwotestdemo.obj
c:\work\lightfieldtool_cpu\lightfieldtool_cpu\x64\release\virtualdepthcompute.obj
c:\work\lightfieldtool_cpu\lightfieldtool_cpu\x64\release\lightfieldtool_cpu.exe.intermediate.manifest
c:\work\lightfieldtool_cpu\x64\release\lightfieldtool_cpu.exe.manifest
c:\work\lightfieldtool_cpu\x64\release\lightfieldtool_cpu.pdb
c:\work\lightfieldtool_cpu\x64\release\lightfieldtool_cpu.exe
c:\work\lightfieldtool_cpu\lightfieldtool_cpu\x64\release\lightfie.5db95b25.tlog\cl.command.1.tlog
c:\work\lightfieldtool_cpu\lightfieldtool_cpu\x64\release\lightfie.5db95b25.tlog\cl.read.1.tlog
c:\work\lightfieldtool_cpu\lightfieldtool_cpu\x64\release\lightfie.5db95b25.tlog\cl.write.1.tlog
c:\work\lightfieldtool_cpu\lightfieldtool_cpu\x64\release\lightfie.5db95b25.tlog\link.command.1.tlog
c:\work\lightfieldtool_cpu\lightfieldtool_cpu\x64\release\lightfie.5db95b25.tlog\link.read.1.tlog
c:\work\lightfieldtool_cpu\lightfieldtool_cpu\x64\release\lightfie.5db95b25.tlog\link.write.1.tlog
c:\work\lightfieldtool_cpu\lightfieldtool_cpu\x64\release\lightfie.5db95b25.tlog\mt.command.1.tlog
c:\work\lightfieldtool_cpu\lightfieldtool_cpu\x64\release\lightfie.5db95b25.tlog\mt.read.1.tlog
c:\work\lightfieldtool_cpu\lightfieldtool_cpu\x64\release\lightfie.5db95b25.tlog\mt.write.1.tlog
