c:\work\lightfieldtool_cpu\lightfieldtool_cpu\x64\debug\vc120.pdb
c:\work\lightfieldtool_cpu\lightfieldtool_cpu\x64\debug\vc120.idb
c:\work\lightfieldtool_cpu\lightfieldtool_cpu\x64\debug\ctmf.obj
c:\work\lightfieldtool_cpu\lightfieldtool_cpu\x64\debug\toolkit.obj
c:\work\lightfieldtool_cpu\lightfieldtool_cpu\x64\debug\confidencecompute.obj
c:\work\lightfieldtool_cpu\lightfieldtool_cpu\x64\debug\costvolcompute.obj
c:\work\lightfieldtool_cpu\lightfieldtool_cpu\x64\debug\costvolfilter.obj
c:\work\lightfieldtool_cpu\lightfieldtool_cpu\x64\debug\datadeal.obj
c:\work\lightfieldtool_cpu\lightfieldtool_cpu\x64\debug\dataparameter.obj
c:\work\lightfieldtool_cpu\lightfieldtool_cpu\x64\debug\depthcomputetoolone.obj
c:\work\lightfieldtool_cpu\lightfieldtool_cpu\x64\debug\depthcomputetooltwo.obj
c:\work\lightfieldtool_cpu\lightfieldtool_cpu\x64\debug\disparityrefinement.obj
c:\work\lightfieldtool_cpu\lightfieldtool_cpu\x64\debug\gcoptimization.obj
c:\work\lightfieldtool_cpu\lightfieldtool_cpu\x64\debug\graph.obj
c:\work\lightfieldtool_cpu\lightfieldtool_cpu\x64\debug\linkedblocklist.obj
c:\work\lightfieldtool_cpu\lightfieldtool_cpu\x64\debug\maxflow.obj
c:\work\lightfieldtool_cpu\lightfieldtool_cpu\x64\debug\globaloptimization.obj
c:\work\lightfieldtool_cpu\lightfieldtool_cpu\x64\debug\imagerander.obj
c:\work\lightfieldtool_cpu\lightfieldtool_cpu\x64\debug\main.obj
c:\work\lightfieldtool_cpu\lightfieldtool_cpu\x64\debug\scenedepthcompute.obj
c:\work\lightfieldtool_cpu\lightfieldtool_cpu\x64\debug\toolonetestdemo.obj
c:\work\lightfieldtool_cpu\lightfieldtool_cpu\x64\debug\tooltwotestdemo.obj
c:\work\lightfieldtool_cpu\lightfieldtool_cpu\x64\debug\virtualdepthcompute.obj
c:\work\lightfieldtool_cpu\lightfieldtool_cpu\x64\debug\nlcca.obj
c:\work\lightfieldtool_cpu\lightfieldtool_cpu\x64\debug\qx_basic.obj
c:\work\lightfieldtool_cpu\lightfieldtool_cpu\x64\debug\qx_mst_kruskals_image.obj
c:\work\lightfieldtool_cpu\lightfieldtool_cpu\x64\debug\qx_nonlocal_cost_aggregation.obj
c:\work\lightfieldtool_cpu\lightfieldtool_cpu\x64\debug\qx_tree_filter.obj
c:\work\lightfieldtool_cpu\lightfieldtool_cpu\x64\debug\segmenttree.obj
c:\work\lightfieldtool_cpu\lightfieldtool_cpu\x64\debug\stca.obj
c:\work\lightfieldtool_cpu\lightfieldtool_cpu\x64\debug\stereodisparity.obj
c:\work\lightfieldtool_cpu\lightfieldtool_cpu\x64\debug\stereohelper.obj
c:\work\lightfieldtool_cpu\lightfieldtool_cpu\x64\debug\test.obj
c:\work\lightfieldtool_cpu\x64\debug\lightfieldtool_cpu.ilk
c:\work\lightfieldtool_cpu\x64\debug\lightfieldtool_cpu.exe
c:\work\lightfieldtool_cpu\x64\debug\lightfieldtool_cpu.pdb
c:\work\lightfieldtool_cpu\lightfieldtool_cpu\x64\debug\lightfie.5db95b25.tlog\cl.command.1.tlog
c:\work\lightfieldtool_cpu\lightfieldtool_cpu\x64\debug\lightfie.5db95b25.tlog\cl.read.1.tlog
c:\work\lightfieldtool_cpu\lightfieldtool_cpu\x64\debug\lightfie.5db95b25.tlog\cl.write.1.tlog
c:\work\lightfieldtool_cpu\lightfieldtool_cpu\x64\debug\lightfie.5db95b25.tlog\link.command.1.tlog
c:\work\lightfieldtool_cpu\lightfieldtool_cpu\x64\debug\lightfie.5db95b25.tlog\link.read.1.tlog
c:\work\lightfieldtool_cpu\lightfieldtool_cpu\x64\debug\lightfie.5db95b25.tlog\link.write.1.tlog
