========= COMPUTE-SANITIZER
========= Program hit cudaErrorInvalidValue (error 1) due to "invalid argument" on CUDA API call to cudaMemset.
=========     Saved host backtrace up to driver entry point at error
=========     Host Frame: [0x38fb47]
=========                in /usr/lib/aarch64-linux-gnu/nvidia/libcuda.so.1
=========     Host Frame:cudaMemset [0x7d6a7]
=========                in /usr/local/cuda/lib64/libcudart.so.12
=========     Host Frame:ImageRander::imageRanderWithOutMask(DataParameter const&) in /home/jetson/Desktop/depth/ImageRander.cu:280 [0xe967]
=========                in /home/jetson/Desktop/depth/bin/main
=========     Host Frame:DepthComputeToolTwo::rawImageDisparityCompute() in /home/jetson/Desktop/depth/DepthComputeToolTwo.cu:78 [0xcf77]
=========                in /home/jetson/Desktop/depth/bin/main
=========     Host Frame:ToolTwoTestDemo::data5compute() in /home/jetson/Desktop/depth/ToolTwoTestDemo.cpp:255 [0x86e7]
=========                in /home/jetson/Desktop/depth/bin/main
=========     Host Frame:demo2() in /home/jetson/Desktop/depth/main.cu:17 [0x75bf]
=========                in /home/jetson/Desktop/depth/bin/main
=========     Host Frame:main in /home/jetson/Desktop/depth/main.cu:33 [0x76a7]
=========                in /home/jetson/Desktop/depth/bin/main
=========     Host Frame:__libc_start_call_main in ../sysdeps/nptl/libc_start_call_main.h:58 [0x273fb]
=========                in /lib/aarch64-linux-gnu/libc.so.6
=========     Host Frame:__libc_start_main in ../csu/libc-start.c:392 [0x274cb]
=========                in /lib/aarch64-linux-gnu/libc.so.6
=========     Host Frame:_start [0x702f]
=========                in /home/jetson/Desktop/depth/bin/main
========= 
========= Program hit cudaErrorInvalidValue (error 1) due to "invalid argument" on CUDA API call to cudaGetLastError.
=========     Saved host backtrace up to driver entry point at error
=========     Host Frame: [0x38fb47]
=========                in /usr/lib/aarch64-linux-gnu/nvidia/libcuda.so.1
=========     Host Frame:cudaGetLastError [0x59037]
=========                in /usr/local/cuda/lib64/libcudart.so.12
=========     Host Frame:ImageRander::imageRander(RawImageParameter const&, MicroImageParameter const&, float*, int) in /home/jetson/Desktop/depth/ImageRander.cu:646 [0xf3f3]
=========                in /home/jetson/Desktop/depth/bin/main
=========     Host Frame:ImageRander::imageRanderWithOutMask(DataParameter const&) in /home/jetson/Desktop/depth/ImageRander.cu:281 [0xe993]
=========                in /home/jetson/Desktop/depth/bin/main
=========     Host Frame:DepthComputeToolTwo::rawImageDisparityCompute() in /home/jetson/Desktop/depth/DepthComputeToolTwo.cu:78 [0xcf77]
=========                in /home/jetson/Desktop/depth/bin/main
=========     Host Frame:ToolTwoTestDemo::data5compute() in /home/jetson/Desktop/depth/ToolTwoTestDemo.cpp:255 [0x86e7]
=========                in /home/jetson/Desktop/depth/bin/main
=========     Host Frame:demo2() in /home/jetson/Desktop/depth/main.cu:17 [0x75bf]
=========                in /home/jetson/Desktop/depth/bin/main
=========     Host Frame:main in /home/jetson/Desktop/depth/main.cu:33 [0x76a7]
=========                in /home/jetson/Desktop/depth/bin/main
=========     Host Frame:__libc_start_call_main in ../sysdeps/nptl/libc_start_call_main.h:58 [0x273fb]
=========                in /lib/aarch64-linux-gnu/libc.so.6
=========     Host Frame:__libc_start_main in ../csu/libc-start.c:392 [0x274cb]
=========                in /lib/aarch64-linux-gnu/libc.so.6
=========     Host Frame:_start [0x702f]
=========                in /home/jetson/Desktop/depth/bin/main
========= 
========= Target application returned an error
========= ERROR SUMMARY: 2 errors
