Performing C SOURCE FILE Test CMAKE_HAVE_LIBC_PTHREAD failed with the following output:
Change Dir: /home/jetson/Desktop/light/build/CMakeFiles/CMakeTmp

Run Build Command(s):/usr/bin/ninja cmTC_bfef4 && [1/2] Building C object CMakeFiles/cmTC_bfef4.dir/src.c.o
[2/2] Linking C executable cmTC_bfef4
FAILED: cmTC_bfef4 
: && /usr/bin/aarch64-linux-gnu-gcc -fPIC -DCMAKE_HAVE_LIBC_PTHREAD   CMakeFiles/cmTC_bfef4.dir/src.c.o  -o cmTC_bfef4   && :
/usr/bin/ld: CMakeFiles/cmTC_bfef4.dir/src.c.o: in function `main':
src.c:(.text+0x48): undefined reference to `pthread_create'
/usr/bin/ld: src.c:(.text+0x50): undefined reference to `pthread_detach'
/usr/bin/ld: src.c:(.text+0x5c): undefined reference to `pthread_join'
collect2: error: ld returned 1 exit status
ninja: build stopped: subcommand failed.


Source file was:
#include <pthread.h>

void* test_func(void* data)
{
  return data;
}

int main(void)
{
  pthread_t thread;
  pthread_create(&thread, NULL, test_func, NULL);
  pthread_detach(thread);
  pthread_join(thread, NULL);
  pthread_atfork(NULL, NULL, NULL);
  pthread_exit(NULL);

  return 0;
}

Determining if the function pthread_create exists in the pthreads failed with the following output:
Change Dir: /home/jetson/Desktop/light/build/CMakeFiles/CMakeTmp

Run Build Command(s):/usr/bin/ninja cmTC_98355 && [1/2] Building C object CMakeFiles/cmTC_98355.dir/CheckFunctionExists.c.o
[2/2] Linking C executable cmTC_98355
FAILED: cmTC_98355 
: && /usr/bin/aarch64-linux-gnu-gcc -fPIC -DCHECK_FUNCTION_EXISTS=pthread_create   CMakeFiles/cmTC_98355.dir/CheckFunctionExists.c.o  -o cmTC_98355  -lpthreads && :
/usr/bin/ld: cannot find -lpthreads
collect2: error: ld returned 1 exit status
ninja: build stopped: subcommand failed.



